=-=-=-=-=-=-=-=-=-=-=-=-=-=-=-=-=-=-=-=-=-=-=-=-=-=-=-=-=-=-=-=-=-=-=-=-=-=-=-=-
Date:	29 Apr 2019	13 May 2019
interval - 1m
max_gains:	1.0044357201786025
gains:	0.9393705605735434
Benchmark:	0.9079592856905836
=-=-=-=-=-=-=-=-=-=-=-=-=-=-=-=-=-=-=-=-=-=-=-=-=-=-=-=-=-=-=-=-=-=-=-=-=-=-=-=-
Date:	1 Apr 2019	15 Apr 2019
interval - 1m
max_gains:	1.0917578454965016
gains:	1.0867109613435426
Benchmark:	1.1754036782425161
=-=-=-=-=-=-=-=-=-=-=-=-=-=-=-=-=-=-=-=-=-=-=-=-=-=-=-=-=-=-=-=-=-=-=-=-=-=-=-=-
Date:	1 Jan 2019	15 Jan 2019
interval - 1m
max_gains:	1.0781929357203277
gains:	1.0781840114887609
Benchmark:	0.9791625027684296
=-=-=-=-=-=-=-=-=-=-=-=-=-=-=-=-=-=-=-=-=-=-=-=-=-=-=-=-=-=-=-=-=-=-=-=-=-=-=-=-
Date:	1 Jan 2018	15 Jan 2018
interval - 1m
max_gains:	1.0631407013988543
gains:	1.0236349547546602
Benchmark:	0.9840442605442693
=-=-=-=-=-=-=-=-=-=-=-=-=-=-=-=-=-=-=-=-=-=-=-=-=-=-=-=-=-=-=-=-=-=-=-=-=-=-=-=-
Date:	1 Mar 2018	15 Mar 2018
interval - 1m
max_gains:	1.0285420658564401
gains:	0.8816878517147833
Benchmark:	0.792173155142359
