=-=-=-=-=-=-=-=-=-=-=-=-=-=-=-=-=-=-=-=-=-=-=-=-=-=-=-=-=-=-=-=-=-=-=-=-=-=-=-=-
Date:	1 Mar 2018	15 Mar 2018
interval - 1m
		  Features
best max:	2+20 - 1.1797118228743115
best gains:	5+15 - 1.0447147254193758
Benchmark:	0.792173155142359
=-=-=-=-=-=-=-=-=-=-=-=-=-=-=-=-=-=-=-=-=-=-=-=-=-=-=-=-=-=-=-=-=-=-=-=-=-=-=-=-
Date:	start	finish
interval - 2h
		  Features
best max:	13+15 - 9.557457659093002
best gains:	13+15 - 8.830196551477718
Benchmark:	2.092595682359593
=-=-=-=-=-=-=-=-=-=-=-=-=-=-=-=-=-=-=-=-=-=-=-=-=-=-=-=-=-=-=-=-=-=-=-=-=-=-=-=-
Date:	2 Apr 2018	15 Apr 2018
interval - 1m
		  Features
best max:	12+19 - 1.1777075387241287
best gains:	14+36 - 1.1524271062239546
Benchmark:	1.1754036782425161
=-=-=-=-=-=-=-=-=-=-=-=-=-=-=-=-=-=-=-=-=-=-=-=-=-=-=-=-=-=-=-=-=-=-=-=-=-=-=-=-
Date:	29 Apr 2018	13 May 2018
interval - 1m
		  Features
best max:	13+29 - 1.0217864526668186
best gains:	14+29 - 0.9639239382989812
Benchmark:	0.9079592856905836
=-=-=-=-=-=-=-=-=-=-=-=-=-=-=-=-=-=-=-=-=-=-=-=-=-=-=-=-=-=-=-=-=-=-=-=-=-=-=-=-
Date:	29 Apr 2019	13 May 2019
interval - 1m
		  Features
best max:	1+16 - 1.3686547259775848
best gains:	1+16 - 1.3618270387765776
Benchmark:	1.3125188531266025
